2024-07-18 14:16:11.428 INFO  [main] com.alibaba.nacos.client.utils.ParamUtil.<clinit>:87 : [settings] [req-serv] nacos-server port:8848
2024-07-18 14:16:11.428 INFO  [main] com.alibaba.nacos.client.utils.ParamUtil.<clinit>:98 : [settings] [http-client] connect timeout:1000
2024-07-18 14:16:11.429 INFO  [main] com.alibaba.nacos.client.utils.ParamUtil.<clinit>:105 : PER_TASK_CONFIG_SIZE: 3000.0
2024-07-18 14:16:11.446 INFO  [main] c.a.nacos.plugin.auth.spi.client.ClientAuthPluginManager.init:56 : [ClientAuthPluginManager] Load ClientAuthService com.alibaba.nacos.client.auth.impl.NacosClientAuthServiceImpl success.
2024-07-18 14:16:11.446 INFO  [main] c.a.nacos.plugin.auth.spi.client.ClientAuthPluginManager.init:56 : [ClientAuthPluginManager] Load ClientAuthService com.alibaba.nacos.client.auth.ram.RamClientAuthServiceImpl success.
2024-07-18 14:16:11.448 INFO  [main] com.alibaba.nacos.client.auth.ram.identify.CredentialWatcher.loadCredential:164 : null No credential found
2024-07-18 14:16:11.655 INFO  [main] c.alibaba.nacos.client.config.impl.LocalConfigInfoProcessor.<clinit>:67 : LOCAL_SNAPSHOT_PATH:C:\Users\Administrator\nacos\config
2024-07-18 14:16:11.658 INFO  [main] com.alibaba.nacos.common.remote.client.lambda$createClient$0:95 : [RpcClientFactory] create a new rpc client of 61f5c22e-1675-4425-b90d-e631e00667c7_config-0
2024-07-18 14:16:11.719 INFO  [main] com.alibaba.nacos.common.remote.client.printIfInfoEnabled:60 : [61f5c22e-1675-4425-b90d-e631e00667c7_config-0] RpcClient init label, labels = {module=config, Vipserver-Tag=null, source=sdk, Amory-Tag=null, Location-Tag=null, taskId=0, AppName=unknown}
2024-07-18 14:16:11.720 INFO  [main] com.alibaba.nacos.common.remote.client.printIfInfoEnabled:60 : [61f5c22e-1675-4425-b90d-e631e00667c7_config-0] Register server push request handler:com.alibaba.nacos.client.config.impl.ClientWorker$ConfigRpcTransportClient$$Lambda$264/1658704411
2024-07-18 14:16:11.720 INFO  [main] com.alibaba.nacos.common.remote.client.printIfInfoEnabled:60 : [61f5c22e-1675-4425-b90d-e631e00667c7_config-0] Register server push request handler:com.alibaba.nacos.client.config.impl.ClientWorker$ConfigRpcTransportClient$$Lambda$265/381930033
2024-07-18 14:16:11.721 INFO  [main] com.alibaba.nacos.common.remote.client.printIfInfoEnabled:60 : [61f5c22e-1675-4425-b90d-e631e00667c7_config-0] Registry connection listener to current client:com.alibaba.nacos.client.config.impl.ClientWorker$ConfigRpcTransportClient$1
2024-07-18 14:16:11.722 INFO  [main] com.alibaba.nacos.common.remote.client.printIfInfoEnabled:60 : [61f5c22e-1675-4425-b90d-e631e00667c7_config-0] RpcClient init, ServerListFactory = com.alibaba.nacos.client.config.impl.ClientWorker$ConfigRpcTransportClient$2
2024-07-18 14:16:11.728 INFO  [main] com.alibaba.nacos.common.remote.client.printIfInfoEnabled:60 : [61f5c22e-1675-4425-b90d-e631e00667c7_config-0] Try to connect to server on start up, server: {serverIp = 'localhost', server main port = 8848}
2024-07-18 14:16:15.265 INFO  [main] com.alibaba.nacos.common.remote.client.printIfInfoEnabled:60 : [61f5c22e-1675-4425-b90d-e631e00667c7_config-0] Try to connect to server on start up, server: {serverIp = 'localhost', server main port = 8848}
2024-07-18 14:16:18.274 INFO  [main] com.alibaba.nacos.common.remote.client.printIfInfoEnabled:60 : [61f5c22e-1675-4425-b90d-e631e00667c7_config-0] Try to connect to server on start up, server: {serverIp = 'localhost', server main port = 8848}
2024-07-18 14:16:21.282 INFO  [com.alibaba.nacos.client.remote.worker] com.alibaba.nacos.common.remote.client.printIfInfoEnabled:60 : [61f5c22e-1675-4425-b90d-e631e00667c7_config-0] Try to reconnect to a new server, server is  not appointed, will choose a random server.
2024-07-18 14:16:21.283 INFO  [main] com.alibaba.nacos.common.remote.client.printIfInfoEnabled:60 : [61f5c22e-1675-4425-b90d-e631e00667c7_config-0] Register server push request handler:com.alibaba.nacos.common.remote.client.RpcClient$ConnectResetRequestHandler
2024-07-18 14:16:21.284 INFO  [main] com.alibaba.nacos.common.remote.client.printIfInfoEnabled:60 : [61f5c22e-1675-4425-b90d-e631e00667c7_config-0] Register server push request handler:com.alibaba.nacos.common.remote.client.RpcClient$$Lambda$273/1326413897
2024-07-18 14:16:21.308 INFO  [main] com.alibaba.nacos.client.config.impl.Limiter.<clinit>:61 : limitTime:5.0
2024-07-18 14:16:21.964 INFO  [main] o.s.c.bootstrap.config.PropertySourceBootstrapConfiguration.initialize:112 : Located property source: [BootstrapPropertySource {name='bootstrapProperties-provider-demo.properties,DEFAULT_GROUP'}, BootstrapPropertySource {name='bootstrapProperties-provider-demo,DEFAULT_GROUP'}]
2024-07-18 14:16:21.969 INFO  [main] org.example.NacosTestApplication.logStartupProfileInfo:648 : No active profile set, falling back to default profiles: default
2024-07-18 14:16:22.653 INFO  [main] org.springframework.cloud.context.scope.GenericScope.setSerializationId:295 : BeanFactory id=97445cf2-3c3f-3d67-a7dc-58e2a327691e
2024-07-18 14:16:22.744 INFO  [main] o.s.c.s.PostProcessorRegistrationDelegate$BeanPostProcessorChecker.postProcessAfterInitialization:335 : Bean 'spring.datasource.dynamic-com.baomidou.dynamic.datasource.spring.boot.autoconfigure.DynamicDataSourceProperties' of type [com.baomidou.dynamic.datasource.spring.boot.autoconfigure.DynamicDataSourceProperties] is not eligible for getting processed by all BeanPostProcessors (for example: not eligible for auto-proxying)
2024-07-18 14:16:22.749 INFO  [main] o.s.c.s.PostProcessorRegistrationDelegate$BeanPostProcessorChecker.postProcessAfterInitialization:335 : Bean 'com.baomidou.dynamic.datasource.spring.boot.autoconfigure.DynamicDataSourceAutoConfiguration' of type [com.baomidou.dynamic.datasource.spring.boot.autoconfigure.DynamicDataSourceAutoConfiguration$$EnhancerBySpringCGLIB$$4008c91e] is not eligible for getting processed by all BeanPostProcessors (for example: not eligible for auto-proxying)
2024-07-18 14:16:22.765 INFO  [main] o.s.c.s.PostProcessorRegistrationDelegate$BeanPostProcessorChecker.postProcessAfterInitialization:335 : Bean 'dsProcessor' of type [com.baomidou.dynamic.datasource.processor.DsHeaderProcessor] is not eligible for getting processed by all BeanPostProcessors (for example: not eligible for auto-proxying)
2024-07-18 14:16:22.954 INFO  [main] org.springframework.boot.web.embedded.tomcat.TomcatWebServer.initialize:108 : Tomcat initialized with port(s): 18082 (http)
2024-07-18 14:16:22.960 INFO  [main] org.apache.coyote.http11.Http11NioProtocol.log:173 : Initializing ProtocolHandler ["http-nio-18082"]
2024-07-18 14:16:22.960 INFO  [main] org.apache.catalina.core.StandardService.log:173 : Starting service [Tomcat]
2024-07-18 14:16:22.960 INFO  [main] org.apache.catalina.core.StandardEngine.log:173 : Starting Servlet engine: [Apache Tomcat/9.0.46]
2024-07-18 14:16:23.046 INFO  [main] o.a.catalina.core.ContainerBase.[Tomcat].[localhost].[/].log:173 : Initializing Spring embedded WebApplicationContext
2024-07-18 14:16:23.046 INFO  [main] o.s.b.web.servlet.context.ServletWebServerApplicationContext.prepareWebApplicationContext:285 : Root WebApplicationContext: initialization completed in 1056 ms
2024-07-18 14:16:23.250 INFO  [main] com.alibaba.druid.pool.DruidDataSource.init:1002 : {dataSource-1,master} inited
2024-07-18 14:16:23.252 INFO  [main] com.alibaba.druid.pool.DruidDataSource.init:1002 : {dataSource-2,powerjob} inited
2024-07-18 14:16:23.252 INFO  [main] com.baomidou.dynamic.datasource.DynamicRoutingDataSource.addDataSource:154 : dynamic-datasource - add a datasource named [powerjob] success
2024-07-18 14:16:23.253 INFO  [main] com.baomidou.dynamic.datasource.DynamicRoutingDataSource.addDataSource:154 : dynamic-datasource - add a datasource named [master] success
2024-07-18 14:16:23.253 INFO  [main] com.baomidou.dynamic.datasource.DynamicRoutingDataSource.afterPropertiesSet:234 : dynamic-datasource initial loaded [2] datasource,primary datasource named [master]
2024-07-18 14:16:24.124 INFO  [main] com.netflix.config.sources.URLConfigurationSource.<init>:127 : To enable URLs as dynamic configuration sources, define System property archaius.configurationSource.additionalUrls or make config.properties available on classpath.
2024-07-18 14:16:24.127 INFO  [main] com.netflix.config.sources.URLConfigurationSource.<init>:127 : To enable URLs as dynamic configuration sources, define System property archaius.configurationSource.additionalUrls or make config.properties available on classpath.
2024-07-18 14:16:24.568 INFO  [main] o.s.scheduling.concurrent.ThreadPoolTaskScheduler.initialize:181 : Initializing ExecutorService 'Nacos-Watch-Task-Scheduler'
2024-07-18 14:16:24.989 INFO  [main] com.alibaba.nacos.client.naming.initNamespaceForNaming:62 : initializer namespace from System Property : null
2024-07-18 14:16:24.989 INFO  [main] com.alibaba.nacos.client.naming.lambda$initNamespaceForNaming$0:66 : initializer namespace from System Environment :null
2024-07-18 14:16:24.990 INFO  [main] com.alibaba.nacos.client.naming.lambda$initNamespaceForNaming$1:73 : initializer namespace from System Property :null
2024-07-18 14:16:24.995 INFO  [main] c.a.nacos.plugin.auth.spi.client.ClientAuthPluginManager.init:56 : [ClientAuthPluginManager] Load ClientAuthService com.alibaba.nacos.client.auth.impl.NacosClientAuthServiceImpl success.
2024-07-18 14:16:24.995 INFO  [main] c.a.nacos.plugin.auth.spi.client.ClientAuthPluginManager.init:56 : [ClientAuthPluginManager] Load ClientAuthService com.alibaba.nacos.client.auth.ram.RamClientAuthServiceImpl success.
2024-07-18 14:16:27.083 INFO  [main] com.alibaba.nacos.common.remote.client.lambda$createClient$0:95 : [RpcClientFactory] create a new rpc client of c8a4ccbf-5617-45f0-a99b-8688dde1897b
2024-07-18 14:16:27.083 INFO  [main] com.alibaba.nacos.common.remote.client.printIfInfoEnabled:60 : [c8a4ccbf-5617-45f0-a99b-8688dde1897b] RpcClient init label, labels = {module=naming, source=sdk}
2024-07-18 14:16:27.085 INFO  [main] com.alibaba.nacos.common.remote.client.printIfInfoEnabled:60 : [c8a4ccbf-5617-45f0-a99b-8688dde1897b] RpcClient init, ServerListFactory = com.alibaba.nacos.client.naming.core.ServerListManager
2024-07-18 14:16:27.085 INFO  [main] com.alibaba.nacos.common.remote.client.printIfInfoEnabled:60 : [c8a4ccbf-5617-45f0-a99b-8688dde1897b] Registry connection listener to current client:com.alibaba.nacos.client.naming.remote.gprc.redo.NamingGrpcRedoService
2024-07-18 14:16:27.085 INFO  [main] com.alibaba.nacos.common.remote.client.printIfInfoEnabled:60 : [c8a4ccbf-5617-45f0-a99b-8688dde1897b] Register server push request handler:com.alibaba.nacos.client.naming.remote.gprc.NamingPushRequestHandler
2024-07-18 14:16:27.086 INFO  [main] com.alibaba.nacos.common.remote.client.printIfInfoEnabled:60 : [c8a4ccbf-5617-45f0-a99b-8688dde1897b] Try to connect to server on start up, server: {serverIp = 'localhost', server main port = 8848}
2024-07-18 14:16:27.417 INFO  [com.alibaba.nacos.client.remote.worker] com.alibaba.nacos.common.remote.client.printIfInfoEnabled:60 : [61f5c22e-1675-4425-b90d-e631e00667c7_config-0] Fail to connect server, after trying 1 times, last try server is {serverIp = 'localhost', server main port = 8848}, error = unknown
2024-07-18 14:16:30.091 INFO  [main] com.alibaba.nacos.common.remote.client.printIfInfoEnabled:60 : [c8a4ccbf-5617-45f0-a99b-8688dde1897b] Try to connect to server on start up, server: {serverIp = 'localhost', server main port = 8848}
2024-07-18 14:16:30.648 INFO  [com.alibaba.nacos.client.remote.worker] com.alibaba.nacos.common.remote.client.printIfInfoEnabled:60 : [61f5c22e-1675-4425-b90d-e631e00667c7_config-0] Fail to connect server, after trying 2 times, last try server is {serverIp = 'localhost', server main port = 8848}, error = unknown
2024-07-18 14:16:33.101 INFO  [main] com.alibaba.nacos.common.remote.client.printIfInfoEnabled:60 : [c8a4ccbf-5617-45f0-a99b-8688dde1897b] Try to connect to server on start up, server: {serverIp = 'localhost', server main port = 8848}
2024-07-18 14:16:33.971 INFO  [com.alibaba.nacos.client.remote.worker] com.alibaba.nacos.common.remote.client.printIfInfoEnabled:60 : [61f5c22e-1675-4425-b90d-e631e00667c7_config-0] Fail to connect server, after trying 3 times, last try server is {serverIp = 'localhost', server main port = 8848}, error = unknown
2024-07-18 14:16:36.108 INFO  [main] com.alibaba.nacos.common.remote.client.printIfInfoEnabled:60 : [c8a4ccbf-5617-45f0-a99b-8688dde1897b] Register server push request handler:com.alibaba.nacos.common.remote.client.RpcClient$ConnectResetRequestHandler
2024-07-18 14:16:36.108 INFO  [com.alibaba.nacos.client.remote.worker] com.alibaba.nacos.common.remote.client.printIfInfoEnabled:60 : [c8a4ccbf-5617-45f0-a99b-8688dde1897b] Try to reconnect to a new server, server is  not appointed, will choose a random server.
2024-07-18 14:16:36.109 INFO  [main] com.alibaba.nacos.common.remote.client.printIfInfoEnabled:60 : [c8a4ccbf-5617-45f0-a99b-8688dde1897b] Register server push request handler:com.alibaba.nacos.common.remote.client.RpcClient$$Lambda$273/1326413897
2024-07-18 14:16:36.114 INFO  [main] com.alibaba.nacos.client.naming.subscribe:141 : [SUBSCRIBE-SERVICE] service:provider-demo, group:DEFAULT_GROUP, clusters:DEFAULT 
2024-07-18 14:16:36.450 INFO  [main] org.apache.coyote.http11.Http11NioProtocol.log:173 : Starting ProtocolHandler ["http-nio-18082"]
2024-07-18 14:16:36.463 INFO  [main] org.springframework.boot.web.embedded.tomcat.TomcatWebServer.start:220 : Tomcat started on port(s): 18082 (http) with context path ''
2024-07-18 14:16:36.466 INFO  [main] com.alibaba.nacos.client.naming.registerService:111 : [REGISTER-SERVICE] public registering service provider-demo with instance Instance{instanceId='null', ip='10.39.188.174', port=18082, weight=1.0, healthy=true, enabled=true, ephemeral=true, clusterName='DEFAULT', serviceName='null', metadata={preserved.register.source=SPRING_CLOUD}}
2024-07-18 14:16:36.790 INFO  [main] com.alibaba.nacos.client.naming.shutdown:255 : com.alibaba.nacos.client.naming.cache.ServiceInfoHolder do shutdown begin
2024-07-18 14:16:36.790 INFO  [main] com.alibaba.nacos.client.naming.shutdown:140 : com.alibaba.nacos.client.naming.backups.FailoverReactor do shutdown begin
2024-07-18 14:16:36.790 INFO  [main] com.alibaba.nacos.client.naming.shutdown:142 : com.alibaba.nacos.client.naming.backups.FailoverReactor do shutdown stop
2024-07-18 14:16:36.790 INFO  [main] com.alibaba.nacos.client.naming.shutdown:257 : com.alibaba.nacos.client.naming.cache.ServiceInfoHolder do shutdown stop
2024-07-18 14:16:36.790 INFO  [main] com.alibaba.nacos.client.naming.shutdown:182 : com.alibaba.nacos.client.naming.remote.NamingClientProxyDelegate do shutdown begin
2024-07-18 14:16:36.790 INFO  [main] com.alibaba.nacos.client.naming.shutdown:130 : com.alibaba.nacos.client.naming.core.ServiceInfoUpdateService do shutdown begin
2024-07-18 14:16:37.117 INFO  [main] com.alibaba.nacos.client.naming.shutdown:132 : com.alibaba.nacos.client.naming.core.ServiceInfoUpdateService do shutdown stop
2024-07-18 14:16:37.117 INFO  [main] com.alibaba.nacos.client.naming.shutdown:192 : com.alibaba.nacos.client.naming.core.ServerListManager do shutdown begin
2024-07-18 14:16:37.118 INFO  [main] com.alibaba.nacos.client.naming.shutdown:197 : com.alibaba.nacos.client.naming.core.ServerListManager do shutdown stop
2024-07-18 14:16:37.118 INFO  [main] com.alibaba.nacos.client.naming.shutdown:527 : com.alibaba.nacos.client.naming.remote.http.NamingHttpClientProxy do shutdown begin
2024-07-18 14:16:37.118 INFO  [main] com.alibaba.nacos.client.naming.shutdown:162 : com.alibaba.nacos.client.naming.beat.BeatReactor do shutdown begin
2024-07-18 14:16:37.118 INFO  [main] com.alibaba.nacos.client.naming.shutdown:164 : com.alibaba.nacos.client.naming.beat.BeatReactor do shutdown stop
2024-07-18 14:16:37.119 INFO  [main] com.alibaba.nacos.client.naming.shutdown:530 : com.alibaba.nacos.client.naming.remote.http.NamingHttpClientProxy do shutdown stop
2024-07-18 14:16:37.119 INFO  [main] com.alibaba.nacos.common.remote.client.shutdown:453 : Shutdown rpc client, set status to shutdown
2024-07-18 14:16:37.119 INFO  [main] com.alibaba.nacos.common.remote.client.shutdown:455 : Shutdown client event executor java.util.concurrent.ScheduledThreadPoolExecutor@757c685d[Running, pool size = 2, active threads = 2, queued tasks = 0, completed tasks = 0]
2024-07-18 14:16:37.119 INFO  [main] com.alibaba.nacos.common.remote.client.grpc.GrpcClient.shutdown:129 : Shutdown grpc executor java.util.concurrent.ThreadPoolExecutor@476a970c[Running, pool size = 3, active threads = 0, queued tasks = 0, completed tasks = 3]
2024-07-18 14:16:37.119 INFO  [main] com.alibaba.nacos.client.naming.shutdown:267 : Shutdown grpc redo service executor java.util.concurrent.ScheduledThreadPoolExecutor@1ce57bbb[Running, pool size = 1, active threads = 0, queued tasks = 1, completed tasks = 3]
2024-07-18 14:16:37.120 INFO  [main] com.alibaba.nacos.client.auth.ram.identify.CredentialWatcher.stop:105 : [null] CredentialWatcher is stopped
2024-07-18 14:16:37.120 INFO  [main] com.alibaba.nacos.client.auth.ram.identify.CredentialService.free:99 : [null] CredentialService is freed
2024-07-18 14:16:37.120 INFO  [main] com.alibaba.nacos.client.naming.shutdown:189 : com.alibaba.nacos.client.naming.remote.NamingClientProxyDelegate do shutdown stop
2024-07-18 14:16:37.120 INFO  [main] o.s.scheduling.concurrent.ThreadPoolTaskScheduler.shutdown:218 : Shutting down ExecutorService 'Nacos-Watch-Task-Scheduler'
2024-07-18 14:16:37.121 INFO  [main] com.alibaba.nacos.client.naming.initNamespaceForNaming:62 : initializer namespace from System Property : null
2024-07-18 14:16:37.121 INFO  [main] com.alibaba.nacos.client.naming.lambda$initNamespaceForNaming$0:66 : initializer namespace from System Environment :null
2024-07-18 14:16:37.121 INFO  [main] com.alibaba.nacos.client.naming.lambda$initNamespaceForNaming$1:73 : initializer namespace from System Property :null
2024-07-18 14:16:37.121 INFO  [main] c.a.nacos.plugin.auth.spi.client.ClientAuthPluginManager.init:56 : [ClientAuthPluginManager] Load ClientAuthService com.alibaba.nacos.client.auth.impl.NacosClientAuthServiceImpl success.
2024-07-18 14:16:37.122 INFO  [main] c.a.nacos.plugin.auth.spi.client.ClientAuthPluginManager.init:56 : [ClientAuthPluginManager] Load ClientAuthService com.alibaba.nacos.client.auth.ram.RamClientAuthServiceImpl success.
2024-07-18 14:16:37.122 INFO  [main] com.alibaba.nacos.client.auth.ram.identify.CredentialWatcher.loadCredential:164 : null No credential found
2024-07-18 14:16:37.227 INFO  [com.alibaba.nacos.client.remote.worker] com.alibaba.nacos.common.remote.client.printIfInfoEnabled:60 : [c8a4ccbf-5617-45f0-a99b-8688dde1897b] Client is shutdown, stop reconnect to server
2024-07-18 14:16:37.384 INFO  [com.alibaba.nacos.client.remote.worker] com.alibaba.nacos.common.remote.client.printIfInfoEnabled:60 : [61f5c22e-1675-4425-b90d-e631e00667c7_config-0] Fail to connect server, after trying 4 times, last try server is {serverIp = 'localhost', server main port = 8848}, error = unknown
2024-07-18 14:16:39.188 INFO  [main] com.alibaba.nacos.common.remote.client.lambda$createClient$0:95 : [RpcClientFactory] create a new rpc client of 528f57df-710e-4a2f-9f21-7877669fffd1
2024-07-18 14:16:39.188 INFO  [main] com.alibaba.nacos.common.remote.client.printIfInfoEnabled:60 : [528f57df-710e-4a2f-9f21-7877669fffd1] RpcClient init label, labels = {module=naming, source=sdk}
2024-07-18 14:16:39.188 INFO  [main] com.alibaba.nacos.common.remote.client.printIfInfoEnabled:60 : [528f57df-710e-4a2f-9f21-7877669fffd1] RpcClient init, ServerListFactory = com.alibaba.nacos.client.naming.core.ServerListManager
2024-07-18 14:16:39.188 INFO  [main] com.alibaba.nacos.common.remote.client.printIfInfoEnabled:60 : [528f57df-710e-4a2f-9f21-7877669fffd1] Registry connection listener to current client:com.alibaba.nacos.client.naming.remote.gprc.redo.NamingGrpcRedoService
2024-07-18 14:16:39.188 INFO  [main] com.alibaba.nacos.common.remote.client.printIfInfoEnabled:60 : [528f57df-710e-4a2f-9f21-7877669fffd1] Register server push request handler:com.alibaba.nacos.client.naming.remote.gprc.NamingPushRequestHandler
2024-07-18 14:16:39.188 INFO  [main] com.alibaba.nacos.common.remote.client.printIfInfoEnabled:60 : [528f57df-710e-4a2f-9f21-7877669fffd1] Try to connect to server on start up, server: {serverIp = 'localhost', server main port = 8848}
2024-07-18 14:16:40.911 INFO  [com.alibaba.nacos.client.remote.worker] com.alibaba.nacos.common.remote.client.printIfInfoEnabled:60 : [61f5c22e-1675-4425-b90d-e631e00667c7_config-0] Fail to connect server, after trying 5 times, last try server is {serverIp = 'localhost', server main port = 8848}, error = unknown
2024-07-18 14:16:42.194 INFO  [main] com.alibaba.nacos.common.remote.client.printIfInfoEnabled:60 : [528f57df-710e-4a2f-9f21-7877669fffd1] Try to connect to server on start up, server: {serverIp = 'localhost', server main port = 8848}
2024-07-18 14:16:44.532 INFO  [com.alibaba.nacos.client.remote.worker] com.alibaba.nacos.common.remote.client.printIfInfoEnabled:60 : [61f5c22e-1675-4425-b90d-e631e00667c7_config-0] Fail to connect server, after trying 6 times, last try server is {serverIp = 'localhost', server main port = 8848}, error = unknown
2024-07-18 14:16:45.202 INFO  [main] com.alibaba.nacos.common.remote.client.printIfInfoEnabled:60 : [528f57df-710e-4a2f-9f21-7877669fffd1] Try to connect to server on start up, server: {serverIp = 'localhost', server main port = 8848}
2024-07-18 14:16:48.219 INFO  [main] com.alibaba.nacos.common.remote.client.printIfInfoEnabled:60 : [528f57df-710e-4a2f-9f21-7877669fffd1] Register server push request handler:com.alibaba.nacos.common.remote.client.RpcClient$ConnectResetRequestHandler
2024-07-18 14:16:48.219 INFO  [com.alibaba.nacos.client.remote.worker] com.alibaba.nacos.common.remote.client.printIfInfoEnabled:60 : [528f57df-710e-4a2f-9f21-7877669fffd1] Try to reconnect to a new server, server is  not appointed, will choose a random server.
2024-07-18 14:16:48.220 INFO  [main] com.alibaba.nacos.common.remote.client.printIfInfoEnabled:60 : [528f57df-710e-4a2f-9f21-7877669fffd1] Register server push request handler:com.alibaba.nacos.common.remote.client.RpcClient$$Lambda$273/1326413897
2024-07-18 14:16:48.233 INFO  [com.alibaba.nacos.client.remote.worker] com.alibaba.nacos.common.remote.client.printIfInfoEnabled:60 : [61f5c22e-1675-4425-b90d-e631e00667c7_config-0] Fail to connect server, after trying 7 times, last try server is {serverIp = 'localhost', server main port = 8848}, error = unknown
2024-07-18 14:16:48.552 INFO  [main] com.baomidou.dynamic.datasource.DynamicRoutingDataSource.destroy:211 : dynamic-datasource start closing ....
2024-07-18 14:16:48.559 INFO  [main] com.alibaba.druid.pool.DruidDataSource.close:2204 : {dataSource-2} closing ...
2024-07-18 14:16:48.560 INFO  [main] com.alibaba.druid.pool.DruidDataSource.close:2277 : {dataSource-2} closed
2024-07-18 14:16:48.561 INFO  [main] com.alibaba.druid.pool.DruidDataSource.close:2204 : {dataSource-1} closing ...
2024-07-18 14:16:48.561 INFO  [main] com.alibaba.druid.pool.DruidDataSource.close:2277 : {dataSource-1} closed
2024-07-18 14:16:48.561 INFO  [main] com.baomidou.dynamic.datasource.DynamicRoutingDataSource.destroy:215 : dynamic-datasource all closed success,bye
2024-07-18 14:16:48.562 INFO  [main] c.a.n.s.c.a.config.NacosValueAnnotationBeanPostProcessor.destroy:289 : class com.alibaba.nacos.spring.context.annotation.config.NacosValueAnnotationBeanPostProcessor was destroying!
2024-07-18 14:16:48.562 INFO  [main] c.a.n.s.b.f.a.AnnotationNacosInjectedBeanPostProcessor.destroy:289 : class com.alibaba.nacos.spring.beans.factory.annotation.AnnotationNacosInjectedBeanPostProcessor was destroying!
2024-07-18 14:16:48.674 INFO  [main] org.apache.coyote.http11.Http11NioProtocol.log:173 : Pausing ProtocolHandler ["http-nio-18082"]
2024-07-18 14:16:48.674 INFO  [main] org.apache.catalina.core.StandardService.log:173 : Stopping service [Tomcat]
2024-07-18 14:16:48.676 INFO  [main] org.apache.coyote.http11.Http11NioProtocol.log:173 : Stopping ProtocolHandler ["http-nio-18082"]
2024-07-18 14:16:48.680 INFO  [main] org.apache.coyote.http11.Http11NioProtocol.log:173 : Destroying ProtocolHandler ["http-nio-18082"]
2024-07-18 14:16:48.685 INFO  [main] o.s.b.a.logging.ConditionEvaluationReportLoggingListener.logMessage:136 : 

Error starting ApplicationContext. To display the conditions report re-run your application with 'debug' enabled.
2024-07-18 14:17:29.649 INFO  [main] com.alibaba.nacos.client.utils.ParamUtil.<clinit>:87 : [settings] [req-serv] nacos-server port:8848
2024-07-18 14:17:29.649 INFO  [main] com.alibaba.nacos.client.utils.ParamUtil.<clinit>:98 : [settings] [http-client] connect timeout:1000
2024-07-18 14:17:29.650 INFO  [main] com.alibaba.nacos.client.utils.ParamUtil.<clinit>:105 : PER_TASK_CONFIG_SIZE: 3000.0
2024-07-18 14:17:29.663 INFO  [main] c.a.nacos.plugin.auth.spi.client.ClientAuthPluginManager.init:56 : [ClientAuthPluginManager] Load ClientAuthService com.alibaba.nacos.client.auth.impl.NacosClientAuthServiceImpl success.
2024-07-18 14:17:29.663 INFO  [main] c.a.nacos.plugin.auth.spi.client.ClientAuthPluginManager.init:56 : [ClientAuthPluginManager] Load ClientAuthService com.alibaba.nacos.client.auth.ram.RamClientAuthServiceImpl success.
2024-07-18 14:17:29.666 INFO  [main] com.alibaba.nacos.client.auth.ram.identify.CredentialWatcher.loadCredential:164 : null No credential found
2024-07-18 14:17:29.868 INFO  [main] c.alibaba.nacos.client.config.impl.LocalConfigInfoProcessor.<clinit>:67 : LOCAL_SNAPSHOT_PATH:C:\Users\Administrator\nacos\config
2024-07-18 14:17:29.871 INFO  [main] com.alibaba.nacos.common.remote.client.lambda$createClient$0:95 : [RpcClientFactory] create a new rpc client of 8d3c2b39-623b-41a6-abd7-60fc5df21e54_config-0
2024-07-18 14:17:29.935 INFO  [main] com.alibaba.nacos.common.remote.client.printIfInfoEnabled:60 : [8d3c2b39-623b-41a6-abd7-60fc5df21e54_config-0] RpcClient init label, labels = {module=config, Vipserver-Tag=null, source=sdk, Amory-Tag=null, Location-Tag=null, taskId=0, AppName=unknown}
2024-07-18 14:17:29.936 INFO  [main] com.alibaba.nacos.common.remote.client.printIfInfoEnabled:60 : [8d3c2b39-623b-41a6-abd7-60fc5df21e54_config-0] Register server push request handler:com.alibaba.nacos.client.config.impl.ClientWorker$ConfigRpcTransportClient$$Lambda$264/408909888
2024-07-18 14:17:29.936 INFO  [main] com.alibaba.nacos.common.remote.client.printIfInfoEnabled:60 : [8d3c2b39-623b-41a6-abd7-60fc5df21e54_config-0] Register server push request handler:com.alibaba.nacos.client.config.impl.ClientWorker$ConfigRpcTransportClient$$Lambda$265/510445648
2024-07-18 14:17:29.937 INFO  [main] com.alibaba.nacos.common.remote.client.printIfInfoEnabled:60 : [8d3c2b39-623b-41a6-abd7-60fc5df21e54_config-0] Registry connection listener to current client:com.alibaba.nacos.client.config.impl.ClientWorker$ConfigRpcTransportClient$1
2024-07-18 14:17:29.937 INFO  [main] com.alibaba.nacos.common.remote.client.printIfInfoEnabled:60 : [8d3c2b39-623b-41a6-abd7-60fc5df21e54_config-0] RpcClient init, ServerListFactory = com.alibaba.nacos.client.config.impl.ClientWorker$ConfigRpcTransportClient$2
2024-07-18 14:17:29.943 INFO  [main] com.alibaba.nacos.common.remote.client.printIfInfoEnabled:60 : [8d3c2b39-623b-41a6-abd7-60fc5df21e54_config-0] Try to connect to server on start up, server: {serverIp = 'localhost', server main port = 8848}
2024-07-18 14:17:30.780 INFO  [main] com.alibaba.nacos.common.remote.client.printIfInfoEnabled:60 : [8d3c2b39-623b-41a6-abd7-60fc5df21e54_config-0] Success to connect to server [localhost:8848] on start up, connectionId = 1721283450586_127.0.0.1_55114
2024-07-18 14:17:30.780 INFO  [com.alibaba.nacos.client.remote.worker] com.alibaba.nacos.common.remote.client.printIfInfoEnabled:60 : [8d3c2b39-623b-41a6-abd7-60fc5df21e54_config-0] Notify connected event to listeners.
2024-07-18 14:17:30.780 INFO  [com.alibaba.nacos.client.remote.worker] com.alibaba.nacos.client.config.impl.ClientWorker.onConnected:630 : [8d3c2b39-623b-41a6-abd7-60fc5df21e54_config-0] Connected,notify listen context...
2024-07-18 14:17:30.781 INFO  [main] com.alibaba.nacos.common.remote.client.printIfInfoEnabled:60 : [8d3c2b39-623b-41a6-abd7-60fc5df21e54_config-0] Register server push request handler:com.alibaba.nacos.common.remote.client.RpcClient$ConnectResetRequestHandler
2024-07-18 14:17:30.781 INFO  [main] com.alibaba.nacos.common.remote.client.printIfInfoEnabled:60 : [8d3c2b39-623b-41a6-abd7-60fc5df21e54_config-0] Register server push request handler:com.alibaba.nacos.common.remote.client.RpcClient$$Lambda$273/1863980798
2024-07-18 14:17:30.807 INFO  [main] com.alibaba.nacos.client.config.impl.Limiter.<clinit>:61 : limitTime:5.0
2024-07-18 14:17:30.841 INFO  [main] o.s.c.bootstrap.config.PropertySourceBootstrapConfiguration.initialize:112 : Located property source: [BootstrapPropertySource {name='bootstrapProperties-provider-demo.properties,DEFAULT_GROUP'}, BootstrapPropertySource {name='bootstrapProperties-provider-demo,DEFAULT_GROUP'}]
2024-07-18 14:17:30.844 INFO  [main] org.example.NacosTestApplication.logStartupProfileInfo:648 : No active profile set, falling back to default profiles: default
2024-07-18 14:17:31.571 INFO  [main] org.springframework.cloud.context.scope.GenericScope.setSerializationId:295 : BeanFactory id=97445cf2-3c3f-3d67-a7dc-58e2a327691e
2024-07-18 14:17:31.664 INFO  [main] o.s.c.s.PostProcessorRegistrationDelegate$BeanPostProcessorChecker.postProcessAfterInitialization:335 : Bean 'spring.datasource.dynamic-com.baomidou.dynamic.datasource.spring.boot.autoconfigure.DynamicDataSourceProperties' of type [com.baomidou.dynamic.datasource.spring.boot.autoconfigure.DynamicDataSourceProperties] is not eligible for getting processed by all BeanPostProcessors (for example: not eligible for auto-proxying)
2024-07-18 14:17:31.670 INFO  [main] o.s.c.s.PostProcessorRegistrationDelegate$BeanPostProcessorChecker.postProcessAfterInitialization:335 : Bean 'com.baomidou.dynamic.datasource.spring.boot.autoconfigure.DynamicDataSourceAutoConfiguration' of type [com.baomidou.dynamic.datasource.spring.boot.autoconfigure.DynamicDataSourceAutoConfiguration$$EnhancerBySpringCGLIB$$9ffc8d41] is not eligible for getting processed by all BeanPostProcessors (for example: not eligible for auto-proxying)
2024-07-18 14:17:31.684 INFO  [main] o.s.c.s.PostProcessorRegistrationDelegate$BeanPostProcessorChecker.postProcessAfterInitialization:335 : Bean 'dsProcessor' of type [com.baomidou.dynamic.datasource.processor.DsHeaderProcessor] is not eligible for getting processed by all BeanPostProcessors (for example: not eligible for auto-proxying)
2024-07-18 14:17:31.867 INFO  [main] org.springframework.boot.web.embedded.tomcat.TomcatWebServer.initialize:108 : Tomcat initialized with port(s): 18082 (http)
2024-07-18 14:17:31.873 INFO  [main] org.apache.coyote.http11.Http11NioProtocol.log:173 : Initializing ProtocolHandler ["http-nio-18082"]
2024-07-18 14:17:31.873 INFO  [main] org.apache.catalina.core.StandardService.log:173 : Starting service [Tomcat]
2024-07-18 14:17:31.874 INFO  [main] org.apache.catalina.core.StandardEngine.log:173 : Starting Servlet engine: [Apache Tomcat/9.0.46]
2024-07-18 14:17:31.958 INFO  [main] o.a.catalina.core.ContainerBase.[Tomcat].[localhost].[/].log:173 : Initializing Spring embedded WebApplicationContext
2024-07-18 14:17:31.958 INFO  [main] o.s.b.web.servlet.context.ServletWebServerApplicationContext.prepareWebApplicationContext:285 : Root WebApplicationContext: initialization completed in 1100 ms
2024-07-18 14:17:32.149 INFO  [main] com.alibaba.druid.pool.DruidDataSource.init:1002 : {dataSource-1,master} inited
2024-07-18 14:17:32.150 INFO  [main] com.alibaba.druid.pool.DruidDataSource.init:1002 : {dataSource-2,powerjob} inited
2024-07-18 14:17:32.150 INFO  [main] com.baomidou.dynamic.datasource.DynamicRoutingDataSource.addDataSource:154 : dynamic-datasource - add a datasource named [powerjob] success
2024-07-18 14:17:32.151 INFO  [main] com.baomidou.dynamic.datasource.DynamicRoutingDataSource.addDataSource:154 : dynamic-datasource - add a datasource named [master] success
2024-07-18 14:17:32.151 INFO  [main] com.baomidou.dynamic.datasource.DynamicRoutingDataSource.afterPropertiesSet:234 : dynamic-datasource initial loaded [2] datasource,primary datasource named [master]
2024-07-18 14:17:32.978 INFO  [main] com.netflix.config.sources.URLConfigurationSource.<init>:127 : To enable URLs as dynamic configuration sources, define System property archaius.configurationSource.additionalUrls or make config.properties available on classpath.
2024-07-18 14:17:32.981 INFO  [main] com.netflix.config.sources.URLConfigurationSource.<init>:127 : To enable URLs as dynamic configuration sources, define System property archaius.configurationSource.additionalUrls or make config.properties available on classpath.
2024-07-18 14:17:33.388 INFO  [main] o.s.scheduling.concurrent.ThreadPoolTaskScheduler.initialize:181 : Initializing ExecutorService 'Nacos-Watch-Task-Scheduler'
2024-07-18 14:17:33.789 INFO  [main] com.alibaba.nacos.client.naming.initNamespaceForNaming:62 : initializer namespace from System Property : null
2024-07-18 14:17:33.790 INFO  [main] com.alibaba.nacos.client.naming.lambda$initNamespaceForNaming$0:66 : initializer namespace from System Environment :null
2024-07-18 14:17:33.790 INFO  [main] com.alibaba.nacos.client.naming.lambda$initNamespaceForNaming$1:73 : initializer namespace from System Property :null
2024-07-18 14:17:33.796 INFO  [main] c.a.nacos.plugin.auth.spi.client.ClientAuthPluginManager.init:56 : [ClientAuthPluginManager] Load ClientAuthService com.alibaba.nacos.client.auth.impl.NacosClientAuthServiceImpl success.
2024-07-18 14:17:33.796 INFO  [main] c.a.nacos.plugin.auth.spi.client.ClientAuthPluginManager.init:56 : [ClientAuthPluginManager] Load ClientAuthService com.alibaba.nacos.client.auth.ram.RamClientAuthServiceImpl success.
2024-07-18 14:17:33.957 INFO  [main] com.alibaba.nacos.common.remote.client.lambda$createClient$0:95 : [RpcClientFactory] create a new rpc client of ba8a9c91-73af-4909-ba4f-1ca4c41bbf7a
2024-07-18 14:17:33.957 INFO  [main] com.alibaba.nacos.common.remote.client.printIfInfoEnabled:60 : [ba8a9c91-73af-4909-ba4f-1ca4c41bbf7a] RpcClient init label, labels = {module=naming, source=sdk}
2024-07-18 14:17:33.958 INFO  [main] com.alibaba.nacos.common.remote.client.printIfInfoEnabled:60 : [ba8a9c91-73af-4909-ba4f-1ca4c41bbf7a] RpcClient init, ServerListFactory = com.alibaba.nacos.client.naming.core.ServerListManager
2024-07-18 14:17:33.958 INFO  [main] com.alibaba.nacos.common.remote.client.printIfInfoEnabled:60 : [ba8a9c91-73af-4909-ba4f-1ca4c41bbf7a] Registry connection listener to current client:com.alibaba.nacos.client.naming.remote.gprc.redo.NamingGrpcRedoService
2024-07-18 14:17:33.959 INFO  [main] com.alibaba.nacos.common.remote.client.printIfInfoEnabled:60 : [ba8a9c91-73af-4909-ba4f-1ca4c41bbf7a] Register server push request handler:com.alibaba.nacos.client.naming.remote.gprc.NamingPushRequestHandler
2024-07-18 14:17:33.959 INFO  [main] com.alibaba.nacos.common.remote.client.printIfInfoEnabled:60 : [ba8a9c91-73af-4909-ba4f-1ca4c41bbf7a] Try to connect to server on start up, server: {serverIp = 'localhost', server main port = 8848}
2024-07-18 14:17:34.074 INFO  [main] com.alibaba.nacos.common.remote.client.printIfInfoEnabled:60 : [ba8a9c91-73af-4909-ba4f-1ca4c41bbf7a] Success to connect to server [localhost:8848] on start up, connectionId = 1721283453963_127.0.0.1_55121
2024-07-18 14:17:34.074 INFO  [main] com.alibaba.nacos.common.remote.client.printIfInfoEnabled:60 : [ba8a9c91-73af-4909-ba4f-1ca4c41bbf7a] Register server push request handler:com.alibaba.nacos.common.remote.client.RpcClient$ConnectResetRequestHandler
2024-07-18 14:17:34.074 INFO  [com.alibaba.nacos.client.remote.worker] com.alibaba.nacos.common.remote.client.printIfInfoEnabled:60 : [ba8a9c91-73af-4909-ba4f-1ca4c41bbf7a] Notify connected event to listeners.
2024-07-18 14:17:34.074 INFO  [main] com.alibaba.nacos.common.remote.client.printIfInfoEnabled:60 : [ba8a9c91-73af-4909-ba4f-1ca4c41bbf7a] Register server push request handler:com.alibaba.nacos.common.remote.client.RpcClient$$Lambda$273/1863980798
2024-07-18 14:17:34.074 INFO  [com.alibaba.nacos.client.remote.worker] com.alibaba.nacos.client.naming.onConnected:76 : Grpc connection connect
2024-07-18 14:17:34.075 INFO  [main] com.alibaba.nacos.client.naming.subscribe:141 : [SUBSCRIBE-SERVICE] service:provider-demo, group:DEFAULT_GROUP, clusters:DEFAULT 
2024-07-18 14:17:34.101 INFO  [main] com.alibaba.nacos.client.naming.isChangedServiceInfo:181 : init new ips(0) service: DEFAULT_GROUP@@provider-demo@@DEFAULT -> []
2024-07-18 14:17:34.107 INFO  [main] com.alibaba.nacos.client.naming.processServiceInfo:166 : current ips:(0) service: DEFAULT_GROUP@@provider-demo@@DEFAULT -> []
2024-07-18 14:17:34.112 INFO  [main] org.apache.coyote.http11.Http11NioProtocol.log:173 : Starting ProtocolHandler ["http-nio-18082"]
2024-07-18 14:17:34.124 INFO  [main] org.springframework.boot.web.embedded.tomcat.TomcatWebServer.start:220 : Tomcat started on port(s): 18082 (http) with context path ''
2024-07-18 14:17:34.126 INFO  [main] com.alibaba.nacos.client.naming.registerService:111 : [REGISTER-SERVICE] public registering service provider-demo with instance Instance{instanceId='null', ip='10.39.188.174', port=18082, weight=1.0, healthy=true, enabled=true, ephemeral=true, clusterName='DEFAULT', serviceName='null', metadata={preserved.register.source=SPRING_CLOUD}}
2024-07-18 14:17:34.137 INFO  [main] com.alibaba.cloud.nacos.registry.NacosServiceRegistry.register:75 : nacos registry, DEFAULT_GROUP provider-demo 10.39.188.174:18082 register finished
2024-07-18 14:17:34.451 INFO  [main] org.example.NacosTestApplication.logStarted:61 : Started NacosTestApplication in 5.531 seconds (JVM running for 6.132)
2024-07-18 14:17:34.453 INFO  [main] com.alibaba.nacos.client.config.impl.CacheData.<clinit>:65 : nacos.cache.data.init.snapshot = true 
2024-07-18 14:17:34.454 INFO  [main] com.alibaba.nacos.client.config.impl.ClientWorker.addCacheDataIfAbsent:373 : [fixed-localhost_8848] [subscribe] provider-demo.properties+DEFAULT_GROUP
2024-07-18 14:17:34.455 INFO  [main] com.alibaba.nacos.client.config.impl.CacheData.addListener:180 : [fixed-localhost_8848] [add-listener] ok, tenant=, dataId=provider-demo.properties, group=DEFAULT_GROUP, cnt=1
2024-07-18 14:17:34.455 INFO  [main] com.alibaba.nacos.client.config.impl.ClientWorker.addCacheDataIfAbsent:373 : [fixed-localhost_8848] [subscribe] provider-demo+DEFAULT_GROUP
2024-07-18 14:17:34.456 INFO  [main] com.alibaba.nacos.client.config.impl.CacheData.addListener:180 : [fixed-localhost_8848] [add-listener] ok, tenant=, dataId=provider-demo, group=DEFAULT_GROUP, cnt=1
2024-07-18 14:17:34.865 INFO  [nacos-grpc-client-executor-localhost-9] com.alibaba.nacos.common.remote.client.printIfInfoEnabled:60 : [ba8a9c91-73af-4909-ba4f-1ca4c41bbf7a] Receive server push request, request = NotifySubscriberRequest, requestId = 1
2024-07-18 14:17:34.869 INFO  [nacos-grpc-client-executor-localhost-9] com.alibaba.nacos.client.naming.isChangedServiceInfo:234 : new ips(1) service: DEFAULT_GROUP@@provider-demo@@DEFAULT -> [{"instanceId":"10.39.188.174#18082#DEFAULT#DEFAULT_GROUP@@provider-demo","ip":"10.39.188.174","port":18082,"weight":1.0,"healthy":true,"enabled":true,"ephemeral":true,"clusterName":"DEFAULT","serviceName":"DEFAULT_GROUP@@provider-demo","metadata":{"preserved.register.source":"SPRING_CLOUD"},"ipDeleteTimeout":30000,"instanceHeartBeatInterval":5000,"instanceHeartBeatTimeOut":15000}]
2024-07-18 14:17:34.870 INFO  [nacos-grpc-client-executor-localhost-9] com.alibaba.nacos.client.naming.processServiceInfo:166 : current ips:(1) service: DEFAULT_GROUP@@provider-demo@@DEFAULT -> [{"instanceId":"10.39.188.174#18082#DEFAULT#DEFAULT_GROUP@@provider-demo","ip":"10.39.188.174","port":18082,"weight":1.0,"healthy":true,"enabled":true,"ephemeral":true,"clusterName":"DEFAULT","serviceName":"DEFAULT_GROUP@@provider-demo","metadata":{"preserved.register.source":"SPRING_CLOUD"},"ipDeleteTimeout":30000,"instanceHeartBeatInterval":5000,"instanceHeartBeatTimeOut":15000}]
2024-07-18 14:17:34.871 INFO  [nacos-grpc-client-executor-localhost-9] com.alibaba.nacos.common.remote.client.printIfInfoEnabled:60 : [ba8a9c91-73af-4909-ba4f-1ca4c41bbf7a] Ack server push request, request = NotifySubscriberRequest, requestId = 1
2024-07-18 14:20:11.966 INFO  [main] com.alibaba.nacos.client.utils.ParamUtil.<clinit>:87 : [settings] [req-serv] nacos-server port:8848
2024-07-18 14:20:11.966 INFO  [main] com.alibaba.nacos.client.utils.ParamUtil.<clinit>:98 : [settings] [http-client] connect timeout:1000
2024-07-18 14:20:11.967 INFO  [main] com.alibaba.nacos.client.utils.ParamUtil.<clinit>:105 : PER_TASK_CONFIG_SIZE: 3000.0
2024-07-18 14:20:11.982 INFO  [main] c.a.nacos.plugin.auth.spi.client.ClientAuthPluginManager.init:56 : [ClientAuthPluginManager] Load ClientAuthService com.alibaba.nacos.client.auth.impl.NacosClientAuthServiceImpl success.
2024-07-18 14:20:11.983 INFO  [main] c.a.nacos.plugin.auth.spi.client.ClientAuthPluginManager.init:56 : [ClientAuthPluginManager] Load ClientAuthService com.alibaba.nacos.client.auth.ram.RamClientAuthServiceImpl success.
2024-07-18 14:20:11.986 INFO  [main] com.alibaba.nacos.client.auth.ram.identify.CredentialWatcher.loadCredential:164 : null No credential found
2024-07-18 14:20:12.196 INFO  [main] c.alibaba.nacos.client.config.impl.LocalConfigInfoProcessor.<clinit>:67 : LOCAL_SNAPSHOT_PATH:C:\Users\Administrator\nacos\config
2024-07-18 14:20:12.198 INFO  [main] com.alibaba.nacos.common.remote.client.lambda$createClient$0:95 : [RpcClientFactory] create a new rpc client of cbdb60d9-b072-4f88-9980-16cc0e4afd23_config-0
2024-07-18 14:20:12.259 INFO  [main] com.alibaba.nacos.common.remote.client.printIfInfoEnabled:60 : [cbdb60d9-b072-4f88-9980-16cc0e4afd23_config-0] RpcClient init label, labels = {module=config, Vipserver-Tag=null, source=sdk, Amory-Tag=null, Location-Tag=null, taskId=0, AppName=unknown}
2024-07-18 14:20:12.260 INFO  [main] com.alibaba.nacos.common.remote.client.printIfInfoEnabled:60 : [cbdb60d9-b072-4f88-9980-16cc0e4afd23_config-0] Register server push request handler:com.alibaba.nacos.client.config.impl.ClientWorker$ConfigRpcTransportClient$$Lambda$264/161118423
2024-07-18 14:20:12.260 INFO  [main] com.alibaba.nacos.common.remote.client.printIfInfoEnabled:60 : [cbdb60d9-b072-4f88-9980-16cc0e4afd23_config-0] Register server push request handler:com.alibaba.nacos.client.config.impl.ClientWorker$ConfigRpcTransportClient$$Lambda$265/836397870
2024-07-18 14:20:12.261 INFO  [main] com.alibaba.nacos.common.remote.client.printIfInfoEnabled:60 : [cbdb60d9-b072-4f88-9980-16cc0e4afd23_config-0] Registry connection listener to current client:com.alibaba.nacos.client.config.impl.ClientWorker$ConfigRpcTransportClient$1
2024-07-18 14:20:12.261 INFO  [main] com.alibaba.nacos.common.remote.client.printIfInfoEnabled:60 : [cbdb60d9-b072-4f88-9980-16cc0e4afd23_config-0] RpcClient init, ServerListFactory = com.alibaba.nacos.client.config.impl.ClientWorker$ConfigRpcTransportClient$2
2024-07-18 14:20:12.267 INFO  [main] com.alibaba.nacos.common.remote.client.printIfInfoEnabled:60 : [cbdb60d9-b072-4f88-9980-16cc0e4afd23_config-0] Try to connect to server on start up, server: {serverIp = 'localhost', server main port = 8848}
2024-07-18 14:20:13.075 INFO  [main] com.alibaba.nacos.common.remote.client.printIfInfoEnabled:60 : [cbdb60d9-b072-4f88-9980-16cc0e4afd23_config-0] Success to connect to server [localhost:8848] on start up, connectionId = 1721283612905_127.0.0.1_55272
2024-07-18 14:20:13.075 INFO  [com.alibaba.nacos.client.remote.worker] com.alibaba.nacos.common.remote.client.printIfInfoEnabled:60 : [cbdb60d9-b072-4f88-9980-16cc0e4afd23_config-0] Notify connected event to listeners.
2024-07-18 14:20:13.076 INFO  [com.alibaba.nacos.client.remote.worker] com.alibaba.nacos.client.config.impl.ClientWorker.onConnected:630 : [cbdb60d9-b072-4f88-9980-16cc0e4afd23_config-0] Connected,notify listen context...
2024-07-18 14:20:13.076 INFO  [main] com.alibaba.nacos.common.remote.client.printIfInfoEnabled:60 : [cbdb60d9-b072-4f88-9980-16cc0e4afd23_config-0] Register server push request handler:com.alibaba.nacos.common.remote.client.RpcClient$ConnectResetRequestHandler
2024-07-18 14:20:13.076 INFO  [main] com.alibaba.nacos.common.remote.client.printIfInfoEnabled:60 : [cbdb60d9-b072-4f88-9980-16cc0e4afd23_config-0] Register server push request handler:com.alibaba.nacos.common.remote.client.RpcClient$$Lambda$273/927159199
2024-07-18 14:20:13.100 INFO  [main] com.alibaba.nacos.client.config.impl.Limiter.<clinit>:61 : limitTime:5.0
2024-07-18 14:20:13.115 INFO  [main] o.s.c.bootstrap.config.PropertySourceBootstrapConfiguration.initialize:112 : Located property source: [BootstrapPropertySource {name='bootstrapProperties-provider-demo.properties,DEFAULT_GROUP'}, BootstrapPropertySource {name='bootstrapProperties-provider-demo,DEFAULT_GROUP'}]
2024-07-18 14:20:13.118 INFO  [main] org.example.NacosTestApplication.logStartupProfileInfo:648 : No active profile set, falling back to default profiles: default
2024-07-18 14:20:13.852 INFO  [main] org.springframework.cloud.context.scope.GenericScope.setSerializationId:295 : BeanFactory id=97445cf2-3c3f-3d67-a7dc-58e2a327691e
2024-07-18 14:20:13.967 INFO  [main] o.s.c.s.PostProcessorRegistrationDelegate$BeanPostProcessorChecker.postProcessAfterInitialization:335 : Bean 'spring.datasource.dynamic-com.baomidou.dynamic.datasource.spring.boot.autoconfigure.DynamicDataSourceProperties' of type [com.baomidou.dynamic.datasource.spring.boot.autoconfigure.DynamicDataSourceProperties] is not eligible for getting processed by all BeanPostProcessors (for example: not eligible for auto-proxying)
2024-07-18 14:20:13.973 INFO  [main] o.s.c.s.PostProcessorRegistrationDelegate$BeanPostProcessorChecker.postProcessAfterInitialization:335 : Bean 'com.baomidou.dynamic.datasource.spring.boot.autoconfigure.DynamicDataSourceAutoConfiguration' of type [com.baomidou.dynamic.datasource.spring.boot.autoconfigure.DynamicDataSourceAutoConfiguration$$EnhancerBySpringCGLIB$$7bbdeb5e] is not eligible for getting processed by all BeanPostProcessors (for example: not eligible for auto-proxying)
2024-07-18 14:20:13.988 INFO  [main] o.s.c.s.PostProcessorRegistrationDelegate$BeanPostProcessorChecker.postProcessAfterInitialization:335 : Bean 'dsProcessor' of type [com.baomidou.dynamic.datasource.processor.DsHeaderProcessor] is not eligible for getting processed by all BeanPostProcessors (for example: not eligible for auto-proxying)
2024-07-18 14:20:14.176 INFO  [main] org.springframework.boot.web.embedded.tomcat.TomcatWebServer.initialize:108 : Tomcat initialized with port(s): 18082 (http)
2024-07-18 14:20:14.182 INFO  [main] org.apache.coyote.http11.Http11NioProtocol.log:173 : Initializing ProtocolHandler ["http-nio-18082"]
2024-07-18 14:20:14.182 INFO  [main] org.apache.catalina.core.StandardService.log:173 : Starting service [Tomcat]
2024-07-18 14:20:14.183 INFO  [main] org.apache.catalina.core.StandardEngine.log:173 : Starting Servlet engine: [Apache Tomcat/9.0.46]
2024-07-18 14:20:14.265 INFO  [main] o.a.catalina.core.ContainerBase.[Tomcat].[localhost].[/].log:173 : Initializing Spring embedded WebApplicationContext
2024-07-18 14:20:14.266 INFO  [main] o.s.b.web.servlet.context.ServletWebServerApplicationContext.prepareWebApplicationContext:285 : Root WebApplicationContext: initialization completed in 1133 ms
2024-07-18 14:20:14.454 INFO  [main] com.alibaba.druid.pool.DruidDataSource.init:1002 : {dataSource-1,master} inited
2024-07-18 14:20:14.455 INFO  [main] com.alibaba.druid.pool.DruidDataSource.init:1002 : {dataSource-2,powerjob} inited
2024-07-18 14:20:14.456 INFO  [main] com.baomidou.dynamic.datasource.DynamicRoutingDataSource.addDataSource:154 : dynamic-datasource - add a datasource named [powerjob] success
2024-07-18 14:20:14.456 INFO  [main] com.baomidou.dynamic.datasource.DynamicRoutingDataSource.addDataSource:154 : dynamic-datasource - add a datasource named [master] success
2024-07-18 14:20:14.456 INFO  [main] com.baomidou.dynamic.datasource.DynamicRoutingDataSource.afterPropertiesSet:234 : dynamic-datasource initial loaded [2] datasource,primary datasource named [master]
2024-07-18 14:20:15.380 INFO  [main] com.netflix.config.sources.URLConfigurationSource.<init>:127 : To enable URLs as dynamic configuration sources, define System property archaius.configurationSource.additionalUrls or make config.properties available on classpath.
2024-07-18 14:20:15.383 INFO  [main] com.netflix.config.sources.URLConfigurationSource.<init>:127 : To enable URLs as dynamic configuration sources, define System property archaius.configurationSource.additionalUrls or make config.properties available on classpath.
2024-07-18 14:20:15.853 INFO  [main] o.s.scheduling.concurrent.ThreadPoolTaskScheduler.initialize:181 : Initializing ExecutorService 'Nacos-Watch-Task-Scheduler'
2024-07-18 14:20:16.303 INFO  [main] com.alibaba.nacos.client.naming.initNamespaceForNaming:62 : initializer namespace from System Property : null
2024-07-18 14:20:16.304 INFO  [main] com.alibaba.nacos.client.naming.lambda$initNamespaceForNaming$0:66 : initializer namespace from System Environment :null
2024-07-18 14:20:16.304 INFO  [main] com.alibaba.nacos.client.naming.lambda$initNamespaceForNaming$1:73 : initializer namespace from System Property :null
2024-07-18 14:20:16.311 INFO  [main] c.a.nacos.plugin.auth.spi.client.ClientAuthPluginManager.init:56 : [ClientAuthPluginManager] Load ClientAuthService com.alibaba.nacos.client.auth.impl.NacosClientAuthServiceImpl success.
2024-07-18 14:20:16.311 INFO  [main] c.a.nacos.plugin.auth.spi.client.ClientAuthPluginManager.init:56 : [ClientAuthPluginManager] Load ClientAuthService com.alibaba.nacos.client.auth.ram.RamClientAuthServiceImpl success.
2024-07-18 14:20:16.396 INFO  [main] com.alibaba.nacos.common.remote.client.lambda$createClient$0:95 : [RpcClientFactory] create a new rpc client of f4a65644-7bda-4022-801e-9d4e988bfc4e
2024-07-18 14:20:16.396 INFO  [main] com.alibaba.nacos.common.remote.client.printIfInfoEnabled:60 : [f4a65644-7bda-4022-801e-9d4e988bfc4e] RpcClient init label, labels = {module=naming, source=sdk}
2024-07-18 14:20:16.398 INFO  [main] com.alibaba.nacos.common.remote.client.printIfInfoEnabled:60 : [f4a65644-7bda-4022-801e-9d4e988bfc4e] RpcClient init, ServerListFactory = com.alibaba.nacos.client.naming.core.ServerListManager
2024-07-18 14:20:16.398 INFO  [main] com.alibaba.nacos.common.remote.client.printIfInfoEnabled:60 : [f4a65644-7bda-4022-801e-9d4e988bfc4e] Registry connection listener to current client:com.alibaba.nacos.client.naming.remote.gprc.redo.NamingGrpcRedoService
2024-07-18 14:20:16.398 INFO  [main] com.alibaba.nacos.common.remote.client.printIfInfoEnabled:60 : [f4a65644-7bda-4022-801e-9d4e988bfc4e] Register server push request handler:com.alibaba.nacos.client.naming.remote.gprc.NamingPushRequestHandler
2024-07-18 14:20:16.398 INFO  [main] com.alibaba.nacos.common.remote.client.printIfInfoEnabled:60 : [f4a65644-7bda-4022-801e-9d4e988bfc4e] Try to connect to server on start up, server: {serverIp = 'localhost', server main port = 8848}
2024-07-18 14:20:16.514 INFO  [main] com.alibaba.nacos.common.remote.client.printIfInfoEnabled:60 : [f4a65644-7bda-4022-801e-9d4e988bfc4e] Success to connect to server [localhost:8848] on start up, connectionId = 1721283616402_127.0.0.1_55278
2024-07-18 14:20:16.514 INFO  [main] com.alibaba.nacos.common.remote.client.printIfInfoEnabled:60 : [f4a65644-7bda-4022-801e-9d4e988bfc4e] Register server push request handler:com.alibaba.nacos.common.remote.client.RpcClient$ConnectResetRequestHandler
2024-07-18 14:20:16.514 INFO  [com.alibaba.nacos.client.remote.worker] com.alibaba.nacos.common.remote.client.printIfInfoEnabled:60 : [f4a65644-7bda-4022-801e-9d4e988bfc4e] Notify connected event to listeners.
2024-07-18 14:20:16.514 INFO  [main] com.alibaba.nacos.common.remote.client.printIfInfoEnabled:60 : [f4a65644-7bda-4022-801e-9d4e988bfc4e] Register server push request handler:com.alibaba.nacos.common.remote.client.RpcClient$$Lambda$273/927159199
2024-07-18 14:20:16.514 INFO  [com.alibaba.nacos.client.remote.worker] com.alibaba.nacos.client.naming.onConnected:76 : Grpc connection connect
2024-07-18 14:20:16.516 INFO  [main] com.alibaba.nacos.client.naming.subscribe:141 : [SUBSCRIBE-SERVICE] service:provider-demo, group:DEFAULT_GROUP, clusters:DEFAULT 
2024-07-18 14:20:16.528 INFO  [main] com.alibaba.nacos.client.naming.isChangedServiceInfo:181 : init new ips(0) service: DEFAULT_GROUP@@provider-demo@@DEFAULT -> []
2024-07-18 14:20:16.535 INFO  [main] com.alibaba.nacos.client.naming.processServiceInfo:166 : current ips:(0) service: DEFAULT_GROUP@@provider-demo@@DEFAULT -> []
2024-07-18 14:20:16.540 INFO  [main] org.apache.coyote.http11.Http11NioProtocol.log:173 : Starting ProtocolHandler ["http-nio-18082"]
2024-07-18 14:20:16.552 INFO  [main] org.springframework.boot.web.embedded.tomcat.TomcatWebServer.start:220 : Tomcat started on port(s): 18082 (http) with context path ''
2024-07-18 14:20:16.554 INFO  [main] com.alibaba.nacos.client.naming.registerService:111 : [REGISTER-SERVICE] public registering service provider-demo with instance Instance{instanceId='null', ip='10.39.188.174', port=18082, weight=1.0, healthy=true, enabled=true, ephemeral=true, clusterName='DEFAULT', serviceName='null', metadata={preserved.register.source=SPRING_CLOUD}}
2024-07-18 14:20:16.561 INFO  [main] com.alibaba.cloud.nacos.registry.NacosServiceRegistry.register:75 : nacos registry, DEFAULT_GROUP provider-demo 10.39.188.174:18082 register finished
2024-07-18 14:20:16.883 INFO  [main] org.example.NacosTestApplication.logStarted:61 : Started NacosTestApplication in 5.645 seconds (JVM running for 6.309)
2024-07-18 14:20:16.886 INFO  [main] com.alibaba.nacos.client.config.impl.CacheData.<clinit>:65 : nacos.cache.data.init.snapshot = true 
2024-07-18 14:20:16.886 INFO  [main] com.alibaba.nacos.client.config.impl.ClientWorker.addCacheDataIfAbsent:373 : [fixed-localhost_8848] [subscribe] provider-demo.properties+DEFAULT_GROUP
2024-07-18 14:20:16.887 INFO  [main] com.alibaba.nacos.client.config.impl.CacheData.addListener:180 : [fixed-localhost_8848] [add-listener] ok, tenant=, dataId=provider-demo.properties, group=DEFAULT_GROUP, cnt=1
2024-07-18 14:20:16.887 INFO  [main] com.alibaba.nacos.client.config.impl.ClientWorker.addCacheDataIfAbsent:373 : [fixed-localhost_8848] [subscribe] provider-demo+DEFAULT_GROUP
2024-07-18 14:20:16.888 INFO  [main] com.alibaba.nacos.client.config.impl.CacheData.addListener:180 : [fixed-localhost_8848] [add-listener] ok, tenant=, dataId=provider-demo, group=DEFAULT_GROUP, cnt=1
2024-07-18 14:20:17.040 INFO  [nacos-grpc-client-executor-localhost-9] com.alibaba.nacos.common.remote.client.printIfInfoEnabled:60 : [f4a65644-7bda-4022-801e-9d4e988bfc4e] Receive server push request, request = NotifySubscriberRequest, requestId = 2
2024-07-18 14:20:17.044 INFO  [nacos-grpc-client-executor-localhost-9] com.alibaba.nacos.client.naming.isChangedServiceInfo:234 : new ips(1) service: DEFAULT_GROUP@@provider-demo@@DEFAULT -> [{"instanceId":"10.39.188.174#18082#DEFAULT#DEFAULT_GROUP@@provider-demo","ip":"10.39.188.174","port":18082,"weight":1.0,"healthy":true,"enabled":true,"ephemeral":true,"clusterName":"DEFAULT","serviceName":"DEFAULT_GROUP@@provider-demo","metadata":{"preserved.register.source":"SPRING_CLOUD"},"ipDeleteTimeout":30000,"instanceHeartBeatInterval":5000,"instanceHeartBeatTimeOut":15000}]
2024-07-18 14:20:17.044 INFO  [nacos-grpc-client-executor-localhost-9] com.alibaba.nacos.client.naming.processServiceInfo:166 : current ips:(1) service: DEFAULT_GROUP@@provider-demo@@DEFAULT -> [{"instanceId":"10.39.188.174#18082#DEFAULT#DEFAULT_GROUP@@provider-demo","ip":"10.39.188.174","port":18082,"weight":1.0,"healthy":true,"enabled":true,"ephemeral":true,"clusterName":"DEFAULT","serviceName":"DEFAULT_GROUP@@provider-demo","metadata":{"preserved.register.source":"SPRING_CLOUD"},"ipDeleteTimeout":30000,"instanceHeartBeatInterval":5000,"instanceHeartBeatTimeOut":15000}]
2024-07-18 14:20:17.046 INFO  [nacos-grpc-client-executor-localhost-9] com.alibaba.nacos.common.remote.client.printIfInfoEnabled:60 : [f4a65644-7bda-4022-801e-9d4e988bfc4e] Ack server push request, request = NotifySubscriberRequest, requestId = 2
2024-07-18 14:21:33.177 INFO  [main] org.example.NacosTestApplication.logStartupProfileInfo:648 : No active profile set, falling back to default profiles: default
2024-07-18 14:21:33.826 INFO  [main] org.springframework.cloud.context.scope.GenericScope.setSerializationId:295 : BeanFactory id=901c733a-9e2f-3b12-b820-0626802dc3e0
2024-07-18 14:21:33.896 INFO  [main] o.s.c.s.PostProcessorRegistrationDelegate$BeanPostProcessorChecker.postProcessAfterInitialization:335 : Bean 'spring.datasource.dynamic-com.baomidou.dynamic.datasource.spring.boot.autoconfigure.DynamicDataSourceProperties' of type [com.baomidou.dynamic.datasource.spring.boot.autoconfigure.DynamicDataSourceProperties] is not eligible for getting processed by all BeanPostProcessors (for example: not eligible for auto-proxying)
2024-07-18 14:21:33.898 INFO  [main] o.s.c.s.PostProcessorRegistrationDelegate$BeanPostProcessorChecker.postProcessAfterInitialization:335 : Bean 'com.baomidou.dynamic.datasource.spring.boot.autoconfigure.DynamicDataSourceAutoConfiguration' of type [com.baomidou.dynamic.datasource.spring.boot.autoconfigure.DynamicDataSourceAutoConfiguration$$EnhancerBySpringCGLIB$$3f1029b5] is not eligible for getting processed by all BeanPostProcessors (for example: not eligible for auto-proxying)
2024-07-18 14:21:33.909 INFO  [main] o.s.c.s.PostProcessorRegistrationDelegate$BeanPostProcessorChecker.postProcessAfterInitialization:335 : Bean 'dsProcessor' of type [com.baomidou.dynamic.datasource.processor.DsHeaderProcessor] is not eligible for getting processed by all BeanPostProcessors (for example: not eligible for auto-proxying)
2024-07-18 14:21:34.063 INFO  [main] org.springframework.boot.web.embedded.tomcat.TomcatWebServer.initialize:108 : Tomcat initialized with port(s): 18082 (http)
2024-07-18 14:21:34.069 INFO  [main] org.apache.coyote.http11.Http11NioProtocol.log:173 : Initializing ProtocolHandler ["http-nio-18082"]
2024-07-18 14:21:34.069 INFO  [main] org.apache.catalina.core.StandardService.log:173 : Starting service [Tomcat]
2024-07-18 14:21:34.070 INFO  [main] org.apache.catalina.core.StandardEngine.log:173 : Starting Servlet engine: [Apache Tomcat/9.0.46]
2024-07-18 14:21:34.153 INFO  [main] o.a.catalina.core.ContainerBase.[Tomcat].[localhost].[/].log:173 : Initializing Spring embedded WebApplicationContext
2024-07-18 14:21:34.153 INFO  [main] o.s.b.web.servlet.context.ServletWebServerApplicationContext.prepareWebApplicationContext:285 : Root WebApplicationContext: initialization completed in 964 ms
2024-07-18 14:21:34.268 INFO  [main] com.alibaba.druid.pool.DruidDataSource.init:1002 : {dataSource-1,master} inited
2024-07-18 14:21:34.269 INFO  [main] com.alibaba.druid.pool.DruidDataSource.init:1002 : {dataSource-2,powerjob} inited
2024-07-18 14:21:34.269 INFO  [main] com.baomidou.dynamic.datasource.DynamicRoutingDataSource.addDataSource:154 : dynamic-datasource - add a datasource named [powerjob] success
2024-07-18 14:21:34.270 INFO  [main] com.baomidou.dynamic.datasource.DynamicRoutingDataSource.addDataSource:154 : dynamic-datasource - add a datasource named [master] success
2024-07-18 14:21:34.270 INFO  [main] com.baomidou.dynamic.datasource.DynamicRoutingDataSource.afterPropertiesSet:234 : dynamic-datasource initial loaded [2] datasource,primary datasource named [master]
2024-07-18 14:21:35.006 INFO  [main] com.netflix.config.sources.URLConfigurationSource.<init>:127 : To enable URLs as dynamic configuration sources, define System property archaius.configurationSource.additionalUrls or make config.properties available on classpath.
2024-07-18 14:21:35.008 INFO  [main] com.netflix.config.sources.URLConfigurationSource.<init>:127 : To enable URLs as dynamic configuration sources, define System property archaius.configurationSource.additionalUrls or make config.properties available on classpath.
2024-07-18 14:21:35.072 INFO  [main] o.s.scheduling.concurrent.ThreadPoolTaskExecutor.initialize:181 : Initializing ExecutorService 'applicationTaskExecutor'
2024-07-18 14:21:35.287 INFO  [main] o.s.scheduling.concurrent.ThreadPoolTaskScheduler.initialize:181 : Initializing ExecutorService 'Nacos-Watch-Task-Scheduler'
2024-07-18 14:21:35.550 INFO  [main] com.alibaba.nacos.client.naming.initNamespaceForNaming:62 : initializer namespace from System Property : null
2024-07-18 14:21:35.551 INFO  [main] com.alibaba.nacos.client.naming.lambda$initNamespaceForNaming$0:66 : initializer namespace from System Environment :null
2024-07-18 14:21:35.551 INFO  [main] com.alibaba.nacos.client.naming.lambda$initNamespaceForNaming$1:73 : initializer namespace from System Property :null
2024-07-18 14:21:35.567 INFO  [main] com.alibaba.nacos.client.utils.ParamUtil.<clinit>:87 : [settings] [req-serv] nacos-server port:8848
2024-07-18 14:21:35.567 INFO  [main] com.alibaba.nacos.client.utils.ParamUtil.<clinit>:98 : [settings] [http-client] connect timeout:1000
2024-07-18 14:21:35.567 INFO  [main] com.alibaba.nacos.client.utils.ParamUtil.<clinit>:105 : PER_TASK_CONFIG_SIZE: 3000.0
2024-07-18 14:21:35.570 INFO  [main] c.a.nacos.plugin.auth.spi.client.ClientAuthPluginManager.init:56 : [ClientAuthPluginManager] Load ClientAuthService com.alibaba.nacos.client.auth.impl.NacosClientAuthServiceImpl success.
2024-07-18 14:21:35.570 INFO  [main] c.a.nacos.plugin.auth.spi.client.ClientAuthPluginManager.init:56 : [ClientAuthPluginManager] Load ClientAuthService com.alibaba.nacos.client.auth.ram.RamClientAuthServiceImpl success.
2024-07-18 14:21:35.671 INFO  [main] com.alibaba.nacos.client.auth.ram.identify.CredentialWatcher.loadCredential:164 : null No credential found
2024-07-18 14:21:35.678 INFO  [main] com.alibaba.nacos.common.remote.client.lambda$createClient$0:95 : [RpcClientFactory] create a new rpc client of 7c6be014-c4bb-4f10-84a0-69b29632c7c8
2024-07-18 14:21:35.739 INFO  [main] com.alibaba.nacos.common.remote.client.printIfInfoEnabled:60 : [7c6be014-c4bb-4f10-84a0-69b29632c7c8] RpcClient init label, labels = {module=naming, source=sdk}
2024-07-18 14:21:35.740 INFO  [main] com.alibaba.nacos.common.remote.client.printIfInfoEnabled:60 : [7c6be014-c4bb-4f10-84a0-69b29632c7c8] RpcClient init, ServerListFactory = com.alibaba.nacos.client.naming.core.ServerListManager
2024-07-18 14:21:35.740 INFO  [main] com.alibaba.nacos.common.remote.client.printIfInfoEnabled:60 : [7c6be014-c4bb-4f10-84a0-69b29632c7c8] Registry connection listener to current client:com.alibaba.nacos.client.naming.remote.gprc.redo.NamingGrpcRedoService
2024-07-18 14:21:35.741 INFO  [main] com.alibaba.nacos.common.remote.client.printIfInfoEnabled:60 : [7c6be014-c4bb-4f10-84a0-69b29632c7c8] Register server push request handler:com.alibaba.nacos.client.naming.remote.gprc.NamingPushRequestHandler
2024-07-18 14:21:35.743 INFO  [main] com.alibaba.nacos.common.remote.client.printIfInfoEnabled:60 : [7c6be014-c4bb-4f10-84a0-69b29632c7c8] Try to connect to server on start up, server: {serverIp = 'localhost', server main port = 8848}
2024-07-18 14:21:36.551 INFO  [main] com.alibaba.nacos.common.remote.client.printIfInfoEnabled:60 : [7c6be014-c4bb-4f10-84a0-69b29632c7c8] Success to connect to server [localhost:8848] on start up, connectionId = 1721283696393_127.0.0.1_55427
2024-07-18 14:21:36.553 INFO  [com.alibaba.nacos.client.remote.worker] com.alibaba.nacos.common.remote.client.printIfInfoEnabled:60 : [7c6be014-c4bb-4f10-84a0-69b29632c7c8] Notify connected event to listeners.
2024-07-18 14:21:36.553 INFO  [com.alibaba.nacos.client.remote.worker] com.alibaba.nacos.client.naming.onConnected:76 : Grpc connection connect
2024-07-18 14:21:36.553 INFO  [main] com.alibaba.nacos.common.remote.client.printIfInfoEnabled:60 : [7c6be014-c4bb-4f10-84a0-69b29632c7c8] Register server push request handler:com.alibaba.nacos.common.remote.client.RpcClient$ConnectResetRequestHandler
2024-07-18 14:21:36.554 INFO  [main] com.alibaba.nacos.common.remote.client.printIfInfoEnabled:60 : [7c6be014-c4bb-4f10-84a0-69b29632c7c8] Register server push request handler:com.alibaba.nacos.common.remote.client.RpcClient$$Lambda$647/915526874
2024-07-18 14:21:36.555 INFO  [main] com.alibaba.nacos.client.naming.subscribe:141 : [SUBSCRIBE-SERVICE] service:provider-demo, group:DEFAULT_GROUP, clusters:DEFAULT 
2024-07-18 14:21:36.569 INFO  [main] com.alibaba.nacos.client.naming.isChangedServiceInfo:181 : init new ips(0) service: DEFAULT_GROUP@@provider-demo@@DEFAULT -> []
2024-07-18 14:21:36.575 INFO  [main] com.alibaba.nacos.client.naming.processServiceInfo:166 : current ips:(0) service: DEFAULT_GROUP@@provider-demo@@DEFAULT -> []
2024-07-18 14:21:36.580 INFO  [main] org.apache.coyote.http11.Http11NioProtocol.log:173 : Starting ProtocolHandler ["http-nio-18082"]
2024-07-18 14:21:36.593 INFO  [main] org.springframework.boot.web.embedded.tomcat.TomcatWebServer.start:220 : Tomcat started on port(s): 18082 (http) with context path ''
2024-07-18 14:21:36.596 INFO  [main] com.alibaba.nacos.client.naming.registerService:111 : [REGISTER-SERVICE] public registering service provider-demo with instance Instance{instanceId='null', ip='10.39.188.174', port=18082, weight=1.0, healthy=true, enabled=true, ephemeral=true, clusterName='DEFAULT', serviceName='null', metadata={preserved.register.source=SPRING_CLOUD}}
2024-07-18 14:21:36.604 INFO  [main] com.alibaba.cloud.nacos.registry.NacosServiceRegistry.register:75 : nacos registry, DEFAULT_GROUP provider-demo 10.39.188.174:18082 register finished
2024-07-18 14:21:36.924 INFO  [main] org.example.NacosTestApplication.logStarted:61 : Started NacosTestApplication in 4.57 seconds (JVM running for 5.161)
2024-07-18 14:21:37.094 INFO  [nacos-grpc-client-executor-localhost-10] com.alibaba.nacos.common.remote.client.printIfInfoEnabled:60 : [7c6be014-c4bb-4f10-84a0-69b29632c7c8] Receive server push request, request = NotifySubscriberRequest, requestId = 3
2024-07-18 14:21:37.097 INFO  [nacos-grpc-client-executor-localhost-10] com.alibaba.nacos.client.naming.isChangedServiceInfo:234 : new ips(1) service: DEFAULT_GROUP@@provider-demo@@DEFAULT -> [{"instanceId":"10.39.188.174#18082#DEFAULT#DEFAULT_GROUP@@provider-demo","ip":"10.39.188.174","port":18082,"weight":1.0,"healthy":true,"enabled":true,"ephemeral":true,"clusterName":"DEFAULT","serviceName":"DEFAULT_GROUP@@provider-demo","metadata":{"preserved.register.source":"SPRING_CLOUD"},"ipDeleteTimeout":30000,"instanceHeartBeatTimeOut":15000,"instanceHeartBeatInterval":5000}]
2024-07-18 14:21:37.097 INFO  [nacos-grpc-client-executor-localhost-10] com.alibaba.nacos.client.naming.processServiceInfo:166 : current ips:(1) service: DEFAULT_GROUP@@provider-demo@@DEFAULT -> [{"instanceId":"10.39.188.174#18082#DEFAULT#DEFAULT_GROUP@@provider-demo","ip":"10.39.188.174","port":18082,"weight":1.0,"healthy":true,"enabled":true,"ephemeral":true,"clusterName":"DEFAULT","serviceName":"DEFAULT_GROUP@@provider-demo","metadata":{"preserved.register.source":"SPRING_CLOUD"},"ipDeleteTimeout":30000,"instanceHeartBeatTimeOut":15000,"instanceHeartBeatInterval":5000}]
2024-07-18 14:21:37.099 INFO  [nacos-grpc-client-executor-localhost-10] com.alibaba.nacos.common.remote.client.printIfInfoEnabled:60 : [7c6be014-c4bb-4f10-84a0-69b29632c7c8] Ack server push request, request = NotifySubscriberRequest, requestId = 3
2024-07-18 14:21:55.457 INFO  [http-nio-18082-exec-1] o.a.catalina.core.ContainerBase.[Tomcat].[localhost].[/].log:173 : Initializing Spring DispatcherServlet 'dispatcherServlet'
2024-07-18 14:21:55.457 INFO  [http-nio-18082-exec-1] org.springframework.web.servlet.DispatcherServlet.initServletBean:525 : Initializing Servlet 'dispatcherServlet'
2024-07-18 14:21:55.462 INFO  [http-nio-18082-exec-1] org.springframework.web.servlet.DispatcherServlet.initServletBean:547 : Completed initialization in 4 ms
2024-07-18 17:41:37.265 INFO  [com.alibaba.nacos.client.remote.worker] com.alibaba.nacos.common.remote.client.printIfInfoEnabled:60 : [7c6be014-c4bb-4f10-84a0-69b29632c7c8] Try to reconnect to a new server, server is  not appointed, will choose a random server.
2024-07-18 17:41:43.393 INFO  [com.alibaba.nacos.client.remote.worker] com.alibaba.nacos.common.remote.client.printIfInfoEnabled:60 : [7c6be014-c4bb-4f10-84a0-69b29632c7c8] Fail to connect server, after trying 1 times, last try server is {serverIp = 'localhost', server main port = 8848}, error = unknown
2024-07-18 17:41:43.866 INFO  [SpringContextShutdownHook] o.s.scheduling.concurrent.ThreadPoolTaskScheduler.shutdown:218 : Shutting down ExecutorService 'Nacos-Watch-Task-Scheduler'
2024-07-18 17:41:44.190 INFO  [SpringContextShutdownHook] com.alibaba.cloud.nacos.registry.NacosServiceRegistry.deregister:94 : De-registering from Nacos Server now...
2024-07-18 17:41:44.191 INFO  [SpringContextShutdownHook] com.alibaba.nacos.client.naming.deregisterService:135 : [DEREGISTER-SERVICE] public deregistering service provider-demo with instance: Instance{instanceId='null', ip='10.39.188.174', port=18082, weight=1.0, healthy=true, enabled=true, ephemeral=true, clusterName='DEFAULT', serviceName='null', metadata={}}
2024-07-18 17:41:44.516 INFO  [SpringContextShutdownHook] com.alibaba.cloud.nacos.registry.NacosServiceRegistry.deregister:114 : De-registration finished.
2024-07-18 17:41:44.517 INFO  [SpringContextShutdownHook] com.alibaba.nacos.client.naming.shutdown:255 : com.alibaba.nacos.client.naming.cache.ServiceInfoHolder do shutdown begin
2024-07-18 17:41:44.517 INFO  [SpringContextShutdownHook] com.alibaba.nacos.client.naming.shutdown:140 : com.alibaba.nacos.client.naming.backups.FailoverReactor do shutdown begin
2024-07-18 17:41:44.517 INFO  [SpringContextShutdownHook] com.alibaba.nacos.client.naming.shutdown:142 : com.alibaba.nacos.client.naming.backups.FailoverReactor do shutdown stop
2024-07-18 17:41:44.517 INFO  [SpringContextShutdownHook] com.alibaba.nacos.client.naming.shutdown:257 : com.alibaba.nacos.client.naming.cache.ServiceInfoHolder do shutdown stop
2024-07-18 17:41:44.517 INFO  [SpringContextShutdownHook] com.alibaba.nacos.client.naming.shutdown:182 : com.alibaba.nacos.client.naming.remote.NamingClientProxyDelegate do shutdown begin
2024-07-18 17:41:44.518 INFO  [SpringContextShutdownHook] com.alibaba.nacos.client.naming.shutdown:130 : com.alibaba.nacos.client.naming.core.ServiceInfoUpdateService do shutdown begin
2024-07-18 17:41:44.845 INFO  [SpringContextShutdownHook] com.alibaba.nacos.client.naming.shutdown:132 : com.alibaba.nacos.client.naming.core.ServiceInfoUpdateService do shutdown stop
2024-07-18 17:41:44.845 INFO  [SpringContextShutdownHook] com.alibaba.nacos.client.naming.shutdown:192 : com.alibaba.nacos.client.naming.core.ServerListManager do shutdown begin
2024-07-18 17:41:44.845 INFO  [SpringContextShutdownHook] com.alibaba.nacos.client.naming.shutdown:197 : com.alibaba.nacos.client.naming.core.ServerListManager do shutdown stop
2024-07-18 17:41:44.846 INFO  [SpringContextShutdownHook] com.alibaba.nacos.client.naming.shutdown:527 : com.alibaba.nacos.client.naming.remote.http.NamingHttpClientProxy do shutdown begin
2024-07-18 17:41:44.846 INFO  [SpringContextShutdownHook] com.alibaba.nacos.client.naming.shutdown:162 : com.alibaba.nacos.client.naming.beat.BeatReactor do shutdown begin
2024-07-18 17:41:44.846 INFO  [SpringContextShutdownHook] com.alibaba.nacos.client.naming.shutdown:164 : com.alibaba.nacos.client.naming.beat.BeatReactor do shutdown stop
2024-07-18 17:41:44.846 INFO  [SpringContextShutdownHook] com.alibaba.nacos.client.naming.shutdown:530 : com.alibaba.nacos.client.naming.remote.http.NamingHttpClientProxy do shutdown stop
2024-07-18 17:41:44.846 INFO  [SpringContextShutdownHook] com.alibaba.nacos.common.remote.client.shutdown:453 : Shutdown rpc client, set status to shutdown
2024-07-18 17:41:44.846 INFO  [SpringContextShutdownHook] com.alibaba.nacos.common.remote.client.shutdown:455 : Shutdown client event executor java.util.concurrent.ScheduledThreadPoolExecutor@6a90657c[Running, pool size = 2, active threads = 2, queued tasks = 0, completed tasks = 0]
2024-07-18 17:41:44.846 INFO  [SpringContextShutdownHook] com.alibaba.nacos.common.remote.client.closeConnection:592 : Close current connection 1721283696393_127.0.0.1_55427
2024-07-18 17:41:44.847 INFO  [SpringContextShutdownHook] com.alibaba.nacos.common.remote.client.grpc.GrpcClient.shutdown:129 : Shutdown grpc executor java.util.concurrent.ThreadPoolExecutor@351507d[Running, pool size = 4, active threads = 0, queued tasks = 0, completed tasks = 2434]
2024-07-18 17:41:44.847 INFO  [com.alibaba.nacos.client.remote.worker] com.alibaba.nacos.common.remote.client.closeConnection:592 : Close current connection 1721283696393_127.0.0.1_55427
2024-07-18 17:41:44.847 INFO  [SpringContextShutdownHook] com.alibaba.nacos.client.naming.shutdown:267 : Shutdown grpc redo service executor java.util.concurrent.ScheduledThreadPoolExecutor@429bab43[Running, pool size = 1, active threads = 0, queued tasks = 1, completed tasks = 3993]
2024-07-18 17:41:44.848 INFO  [com.alibaba.nacos.client.remote.worker] com.alibaba.nacos.common.remote.client.printIfInfoEnabled:60 : [7c6be014-c4bb-4f10-84a0-69b29632c7c8] Fail to connect server, after trying 2 times, last try server is {serverIp = 'localhost', server main port = 8848}, error = unknown
2024-07-18 17:41:44.848 INFO  [SpringContextShutdownHook] com.alibaba.nacos.client.auth.ram.identify.CredentialWatcher.stop:105 : [null] CredentialWatcher is stopped
2024-07-18 17:41:44.848 INFO  [SpringContextShutdownHook] com.alibaba.nacos.client.auth.ram.identify.CredentialService.free:99 : [null] CredentialService is freed
2024-07-18 17:41:44.848 INFO  [SpringContextShutdownHook] com.alibaba.nacos.client.naming.shutdown:189 : com.alibaba.nacos.client.naming.remote.NamingClientProxyDelegate do shutdown stop
2024-07-18 17:41:44.849 INFO  [SpringContextShutdownHook] o.s.scheduling.concurrent.ThreadPoolTaskExecutor.shutdown:218 : Shutting down ExecutorService 'applicationTaskExecutor'
2024-07-18 17:41:44.852 INFO  [SpringContextShutdownHook] com.baomidou.dynamic.datasource.DynamicRoutingDataSource.destroy:211 : dynamic-datasource start closing ....
2024-07-18 17:41:44.854 INFO  [SpringContextShutdownHook] com.alibaba.druid.pool.DruidDataSource.close:2204 : {dataSource-2} closing ...
2024-07-18 17:41:44.854 INFO  [SpringContextShutdownHook] com.alibaba.druid.pool.DruidDataSource.close:2277 : {dataSource-2} closed
2024-07-18 17:41:44.854 INFO  [SpringContextShutdownHook] com.alibaba.druid.pool.DruidDataSource.close:2204 : {dataSource-1} closing ...
2024-07-18 17:41:44.855 INFO  [SpringContextShutdownHook] com.alibaba.druid.pool.DruidDataSource.close:2277 : {dataSource-1} closed
2024-07-18 17:41:44.855 INFO  [SpringContextShutdownHook] com.baomidou.dynamic.datasource.DynamicRoutingDataSource.destroy:215 : dynamic-datasource all closed success,bye
